<?xml version="1.0" encoding="UTF-8"?>
<!-- Generated by org.testng.reporters.JUnitXMLReporter -->
<testsuite hostname="DESKTOP-P8L6JL1" ignored="0" name="movie Name test" tests="3" failures="0" timestamp="30 Jun 2021 07:30:26 GMT" time="33.433" errors="0">
  <testcase name="openBrowser" time="5.465" classname="Automation.BookMyShow.movieNameCollectionTest"/>
  <testcase name="signUpNCR" time="2.531" classname="Automation.BookMyShow.movieNameCollectionTest"/>
  <testcase name="moviesData" time="6.774" classname="Automation.BookMyShow.movieNameCollectionTest"/>
</testsuite> <!-- movie Name test -->
