<?xml version="1.0" encoding="UTF-8"?>
<!-- Generated by org.testng.reporters.JUnitXMLReporter -->
<testsuite hostname="DESKTOP-P8L6JL1" ignored="0" name="movie Name test" tests="3" failures="0" timestamp="01 Jul 2021 09:17:46 GMT" time="24.108" errors="0">
  <testcase name="openBrowser" time="9.886" classname="Automation.BookMyShow.movieNameCollectionTest"/>
  <testcase name="signUpNCR" time="2.163" classname="Automation.BookMyShow.movieNameCollectionTest"/>
  <testcase name="moviesData" time="5.962" classname="Automation.BookMyShow.movieNameCollectionTest"/>
</testsuite> <!-- movie Name test -->
