<?xml version="1.0" encoding="UTF-8"?>
<testsuite xmlns:xsi="http://www.w3.org/2001/XMLSchema-instance" xsi:noNamespaceSchemaLocation="https://maven.apache.org/surefire/maven-surefire-plugin/xsd/surefire-test-report-3.0.xsd" version="3.0" name="TestSuite" time="157.209" tests="9" errors="0" skipped="0" failures="0">
  <properties>
[...]
</properties>
  <testcase name="openBrowser[https://in.bookmyshow.com/, \\Screenshots\\test_1.png](1)" classname="Automation.BookMyShow.loginFunctionalityTest" time="10.245">
    <system-out><![CDATA[[TestNGContentHandler] [WARN] It is strongly recommended to add "<!DOCTYPE suite SYSTEM "http://testng.org/testng-1.0.dtd" >" at the top of your file, otherwise TestNG may fail or not work as expected.
]]></system-out>
    <system-err><![CDATA[Jul 03, 2021 11:46:23 PM org.openqa.selenium.remote.DesiredCapabilities chrome
INFO: Using `new ChromeOptions()` is preferred to `DesiredCapabilities.chrome()`
Jul 03, 2021 11:46:32 PM org.openqa.selenium.remote.ProtocolHandshake createSession
INFO: Detected dialect: W3C
]]></system-err>
  </testcase>
  <testcase name="signUpNCR[\\Screenshots\\test_2.png, \\Screenshots\\test_3.png](1)" classname="Automation.BookMyShow.loginFunctionalityTest" time="2.102"/>
  <testcase name="signUp[\\Screenshots\\test_4.png](1)" classname="Automation.BookMyShow.loginFunctionalityTest" time="2.431"/>
  <testcase name="signUpUsingGoogle[\\Screenshots\\test_5.png](1)" classname="Automation.BookMyShow.loginFunctionalityTest" time="0.875"/>
  <testcase name="switchWindow[\\Screenshots\\test_6.png](1)" classname="Automation.BookMyShow.loginFunctionalityTest" time="16.527">
    <system-out><![CDATA[Couldn't find your Google Account
]]></system-out>
  </testcase>
  <testcase name="openBrowser[https://in.bookmyshow.com/, \\Screenshots\\test_1.png](1)" classname="Automation.BookMyShow.movieNameCollectionTest" time="17.143">
    <system-err><![CDATA[Jul 03, 2021 11:47:12 PM org.openqa.selenium.remote.DesiredCapabilities chrome
INFO: Using `new ChromeOptions()` is preferred to `DesiredCapabilities.chrome()`
Jul 03, 2021 11:47:17 PM org.openqa.selenium.remote.ProtocolHandshake createSession
INFO: Detected dialect: W3C
]]></system-err>
  </testcase>
  <testcase name="signUpNCR[\\Screenshots\\test_2.png, \\Screenshots\\test_3.png](1)" classname="Automation.BookMyShow.movieNameCollectionTest" time="1.859"/>
  <testcase name="moviesData" classname="Automation.BookMyShow.movieNameCollectionTest" time="11.507">
    <system-out><![CDATA[[Hindi, English, Telugu, Tamil, Kannada, Malayalam, Marathi, Bengali, Punjabi, Bhojpuri, Gujarati, Assamese, Rajasthani, Sanskrit]
]]></system-out>
  </testcase>
  <testcase name="clickAllLinks" classname="Automation.BookMyShow.sportsNameCollectionTest" time="54.893">
    <system-out><![CDATA[{Weekly Chess Maha Muqabla=225, Call of Duty Mobile Tournament=300, Online Game - The Prisoner of Andaman=149, Indian Chess League 2021=99, Johnson Call Of Duty Mobile Tournament=100, Online Game - The Mall Maze=149, BRUCE Project 1- Online Escape Room- Witty Escapes=1199, Sherlock The Grand Debut - Witty Escapes - Online=1499, Knight Chess Championship=125, Online Game - The Haunted Lake=149, Climber Fun Quiz=250, Online Escape Games - Witty Escapes=799, Online Game - Flight 9032 Murder Mystery=199, Online Game - Mission Black Terror=199, Free Fire Solo And Squad (Bermuda)=100, Travelling Clues - Online Games=149, Online Game - Secret Mansion=199, BRUCE Project 2- Online Escape Room- Witty Escapes=1199, Haunted House - Online Escape Room - Witty Escapes=799, Battlegrounds Mobile India Tournament=125, Online Game - The Witch of Kahua=249, DOVIC 91- Halfway through the BIO WAR Countdown=499, Online Game - Time Travel=199, Online Game - Lost Treasure of Sundarbans=199, Pegasus Project- Online Escape Room- Witty Escapes=1199}
{Indian Chess League 2021=99, Johnson Call Of Duty Mobile Tournament=100, Free Fire Solo And Squad (Bermuda)=100, Knight Chess Championship=125, Battlegrounds Mobile India Tournament=125, Online Game - The Prisoner of Andaman=149, Online Game - The Mall Maze=149, Online Game - The Haunted Lake=149, Travelling Clues - Online Games=149, Online Game - Flight 9032 Murder Mystery=199, Online Game - Mission Black Terror=199, Online Game - Secret Mansion=199, Online Game - Time Travel=199, Online Game - Lost Treasure of Sundarbans=199, Weekly Chess Maha Muqabla=225, Online Game - The Witch of Kahua=249, Climber Fun Quiz=250, Call of Duty Mobile Tournament=300, DOVIC 91- Halfway through the BIO WAR Countdown=499, Online Escape Games - Witty Escapes=799, Haunted House - Online Escape Room - Witty Escapes=799, BRUCE Project 1- Online Escape Room- Witty Escapes=1199, BRUCE Project 2- Online Escape Room- Witty Escapes=1199, Pegasus Project- Online Escape Room- Witty Escapes=1199, Sherlock The Grand Debut - Witty Escapes - Online=1499}
Weekly Chess Maha Muqabla
Sun 04 Jul 2021 - Sun 25 Jul 2021
Call of Duty Mobile Tournament
Sun 04 Jul 2021 - Sat 31 Jul 2021
Online Game - The Prisoner of Andaman
Sun 04 Jul 2021 - Sat 31 Jul 2021
Indian Chess League 2021
Sun 04 Jul 2021 - Sat 31 Jul 2021
]]></system-out>
    <system-err><![CDATA[Starting ChromeDriver 91.0.4472.19 (1bf021f248676a0b2ab3ee0561d83a59e424c23e-refs/branch-heads/4472@{#288}) on port 45159
Only local connections are allowed.
Please see https://chromedriver.chromium.org/security-considerations for suggestions on keeping ChromeDriver safe.
ChromeDriver was started successfully.
Jul 03, 2021 11:47:57 PM org.openqa.selenium.remote.ProtocolHandshake createSession
INFO: Detected dialect: W3C
]]></system-err>
  </testcase>
</testsuite>