<?xml version="1.0" encoding="UTF-8"?>
<testsuite xmlns:xsi="http://www.w3.org/2001/XMLSchema-instance" xsi:noNamespaceSchemaLocation="https://maven.apache.org/surefire/maven-surefire-plugin/xsd/surefire-test-report-3.0.xsd" version="3.0" name="TestSuite" time="397.79" tests="9" errors="0" skipped="0" failures="1">
  <properties>
[...]
</properties>
  <testcase name="openBrowser[https://in.bookmyshow.com/, \\Screenshots\\test_1.png](1)" classname="Automation.BookMyShow.loginFunctionalityTest" time="29.064">
    <system-out><![CDATA[[TestNGContentHandler] [WARN] It is strongly recommended to add "<!DOCTYPE suite SYSTEM "http://testng.org/testng-1.0.dtd" >" at the top of your file, otherwise TestNG may fail or not work as expected.
]]></system-out>
    <system-err><![CDATA[Jun 30, 2021 3:14:08 PM org.openqa.selenium.remote.DesiredCapabilities firefox
INFO: Using `new FirefoxOptions()` is preferred to `DesiredCapabilities.firefox()`
Jun 30, 2021 3:15:54 PM org.openqa.selenium.remote.ProtocolHandshake createSession
INFO: Detected dialect: W3C
]]></system-err>
  </testcase>
  <testcase name="signUpNCR[\\Screenshots\\test_2.png, \\Screenshots\\test_3.png](1)" classname="Automation.BookMyShow.loginFunctionalityTest" time="3.789"/>
  <testcase name="signUp[\\Screenshots\\test_4.png](1)" classname="Automation.BookMyShow.loginFunctionalityTest" time="3.975"/>
  <testcase name="signUpUsingGoogle[\\Screenshots\\test_5.png](1)" classname="Automation.BookMyShow.loginFunctionalityTest" time="2.018"/>
  <testcase name="switchWindow[\\Screenshots\\test_6.png](1)" classname="Automation.BookMyShow.loginFunctionalityTest" time="0.531"/>
  <testcase name="openBrowser[https://in.bookmyshow.com/, \\Screenshots\\test_1.png](1)" classname="Automation.BookMyShow.movieNameCollectionTest" time="11.299">
    <system-err><![CDATA[Jun 30, 2021 3:16:44 PM org.openqa.selenium.remote.DesiredCapabilities firefox
INFO: Using `new FirefoxOptions()` is preferred to `DesiredCapabilities.firefox()`
Jun 30, 2021 3:16:59 PM org.openqa.selenium.remote.ProtocolHandshake createSession
INFO: Detected dialect: W3C
]]></system-err>
  </testcase>
  <testcase name="signUpNCR[\\Screenshots\\test_2.png, \\Screenshots\\test_3.png](1)" classname="Automation.BookMyShow.movieNameCollectionTest" time="1.483"/>
  <testcase name="moviesData" classname="Automation.BookMyShow.movieNameCollectionTest" time="9.894">
    <system-out><![CDATA[[Hindi, English, Telugu, Tamil, Malayalam, Marathi, Bengali, Punjabi, Bhojpuri, Gujarati, Assamese, Rajasthani, Sanskrit]
]]></system-out>
  </testcase>
  <testcase name="clickAllLinks" classname="Automation.BookMyShow.sportsNameCollectionTest" time="180.68">
    <failure message="unknown error: cannot determine loading status&#10;from disconnected: received Inspector.detached event&#10;  (Session info: chrome=91.0.4472.124)&#10;Build info: version: &apos;3.141.59&apos;, revision: &apos;e82be7d358&apos;, time: &apos;2018-11-14T08:17:03&apos;&#10;System info: host: &apos;DESKTOP-P8L6JL1&apos;, ip: &apos;192.168.231.1&apos;, os.name: &apos;Windows 10&apos;, os.arch: &apos;amd64&apos;, os.version: &apos;10.0&apos;, java.version: &apos;11.0.11&apos;&#10;Driver info: org.openqa.selenium.chrome.ChromeDriver&#10;Capabilities {acceptInsecureCerts: false, browserName: chrome, browserVersion: 91.0.4472.124, chrome: {chromedriverVersion: 91.0.4472.19 (1bf021f248676..., userDataDir: C:\Users\srao9\AppData\Loca...}, goog:chromeOptions: {debuggerAddress: localhost:50418}, javascriptEnabled: true, networkConnectionEnabled: false, pageLoadStrategy: normal, platform: WINDOWS, platformName: WINDOWS, proxy: Proxy(), setWindowRect: true, strictFileInteractability: false, timeouts: {implicit: 0, pageLoad: 300000, script: 30000}, unhandledPromptBehavior: dismiss and notify, webauthn:extension:largeBlob: true, webauthn:virtualAuthenticators: true}&#10;Session ID: 65988529fb23ef587f1bc9d625c27cd3" type="org.openqa.selenium.WebDriverException"><![CDATA[org.openqa.selenium.WebDriverException: 
unknown error: cannot determine loading status
from disconnected: received Inspector.detached event
  (Session info: chrome=91.0.4472.124)
Build info: version: '3.141.59', revision: 'e82be7d358', time: '2018-11-14T08:17:03'
System info: host: 'DESKTOP-P8L6JL1', ip: '192.168.231.1', os.name: 'Windows 10', os.arch: 'amd64', os.version: '10.0', java.version: '11.0.11'
Driver info: org.openqa.selenium.chrome.ChromeDriver
Capabilities {acceptInsecureCerts: false, browserName: chrome, browserVersion: 91.0.4472.124, chrome: {chromedriverVersion: 91.0.4472.19 (1bf021f248676..., userDataDir: C:\Users\srao9\AppData\Loca...}, goog:chromeOptions: {debuggerAddress: localhost:50418}, javascriptEnabled: true, networkConnectionEnabled: false, pageLoadStrategy: normal, platform: WINDOWS, platformName: WINDOWS, proxy: Proxy(), setWindowRect: true, strictFileInteractability: false, timeouts: {implicit: 0, pageLoad: 300000, script: 30000}, unhandledPromptBehavior: dismiss and notify, webauthn:extension:largeBlob: true, webauthn:virtualAuthenticators: true}
Session ID: 65988529fb23ef587f1bc9d625c27cd3
	at Automation.BookMyShow.sportsNameCollectionTest.clickAllLinks(sportsNameCollectionTest.java:226)
]]></failure>
    <system-out><![CDATA[Indian Chess League 2021
Thu 01 Jul 2021 - Sat 31 Jul 2021
₹ 99
Climber Fun Quiz
Wed 30 Jun 2021 - Sat 31 Jul 2021
₹ 250
Weekly Chess Maha Muqabla
Sun 04 Jul 2021 - Sun 25 Jul 2021
₹ 225
Online Game - Flight 9032 Murder Mystery
Wed 30 Jun 2021 - Sat 31 Jul 2021
₹ 199
Online Game - Lost Treasure of Sundarbans
Wed 30 Jun 2021 - Sat 31 Jul 2021
₹ 199
Call of Duty Mobile Tournament
Sat 03 Jul 2021 - Sat 31 Jul 2021
₹ 300
]]></system-out>
    <system-err><![CDATA[Starting ChromeDriver 91.0.4472.19 (1bf021f248676a0b2ab3ee0561d83a59e424c23e-refs/branch-heads/4472@{#288}) on port 7916
Only local connections are allowed.
Please see https://chromedriver.chromium.org/security-considerations for suggestions on keeping ChromeDriver safe.
ChromeDriver was started successfully.
Jun 30, 2021 3:17:40 PM org.openqa.selenium.remote.ProtocolHandshake createSession
INFO: Detected dialect: W3C
]]></system-err>
  </testcase>
</testsuite>