<?xml version="1.0" encoding="UTF-8"?>
<testng-results skipped="0" failed="0" ignored="0" total="9" passed="9">
  <reporter-output>
  </reporter-output>
  <suite name="Test Suite" duration-ms="198023" started-at="2021-06-28T11:04:51Z" finished-at="2021-06-28T11:08:09Z">
    <groups>
    </groups>
    <test name="login test" duration-ms="42612" started-at="2021-06-28T11:04:51Z" finished-at="2021-06-28T11:05:34Z">
      <class name="Automation.BookMyShow.loginFunctionalityTest">
        <test-method status="PASS" signature="setup(java.lang.String, java.lang.String)[pri:0, instance:Automation.BookMyShow.loginFunctionalityTest@30b7c004]" name="setup" is-config="true" duration-ms="12555" started-at="2021-06-28T11:04:51Z" finished-at="2021-06-28T11:05:04Z">
          <params>
            <param index="0">
              <value>
                <![CDATA[chrome]]>
              </value>
            </param>
            <param index="1">
              <value>
                <![CDATA[\\Screenshots\\test_0.png]]>
              </value>
            </param>
          </params>
          <reporter-output>
          </reporter-output>
        </test-method> <!-- setup -->
        <test-method status="PASS" signature="openBrowser(java.lang.String, java.lang.String)[pri:0, instance:Automation.BookMyShow.loginFunctionalityTest@30b7c004]" name="openBrowser" duration-ms="9769" started-at="2021-06-28T11:05:04Z" finished-at="2021-06-28T11:05:13Z">
          <params>
            <param index="0">
              <value>
                <![CDATA[https://in.bookmyshow.com/]]>
              </value>
            </param>
            <param index="1">
              <value>
                <![CDATA[\\Screenshots\\test_1.png]]>
              </value>
            </param>
          </params>
          <reporter-output>
          </reporter-output>
        </test-method> <!-- openBrowser -->
        <test-method status="PASS" signature="signUpNCR(java.lang.String, java.lang.String)[pri:1, instance:Automation.BookMyShow.loginFunctionalityTest@30b7c004]" name="signUpNCR" duration-ms="3080" started-at="2021-06-28T11:05:13Z" finished-at="2021-06-28T11:05:16Z">
          <params>
            <param index="0">
              <value>
                <![CDATA[\\Screenshots\\test_2.png]]>
              </value>
            </param>
            <param index="1">
              <value>
                <![CDATA[\\Screenshots\\test_3.png]]>
              </value>
            </param>
          </params>
          <reporter-output>
          </reporter-output>
        </test-method> <!-- signUpNCR -->
        <test-method status="PASS" signature="signUp(java.lang.String)[pri:2, instance:Automation.BookMyShow.loginFunctionalityTest@30b7c004]" name="signUp" duration-ms="1770" started-at="2021-06-28T11:05:16Z" finished-at="2021-06-28T11:05:18Z">
          <params>
            <param index="0">
              <value>
                <![CDATA[\\Screenshots\\test_4.png]]>
              </value>
            </param>
          </params>
          <reporter-output>
          </reporter-output>
        </test-method> <!-- signUp -->
        <test-method status="PASS" signature="signUpUsingGoogle(java.lang.String)[pri:3, instance:Automation.BookMyShow.loginFunctionalityTest@30b7c004]" name="signUpUsingGoogle" duration-ms="919" started-at="2021-06-28T11:05:18Z" finished-at="2021-06-28T11:05:19Z">
          <params>
            <param index="0">
              <value>
                <![CDATA[\\Screenshots\\test_5.png]]>
              </value>
            </param>
          </params>
          <reporter-output>
          </reporter-output>
        </test-method> <!-- signUpUsingGoogle -->
        <test-method status="PASS" signature="switchWindow(java.lang.String)[pri:4, instance:Automation.BookMyShow.loginFunctionalityTest@30b7c004]" name="switchWindow" duration-ms="13116" started-at="2021-06-28T11:05:19Z" finished-at="2021-06-28T11:05:32Z">
          <params>
            <param index="0">
              <value>
                <![CDATA[\\Screenshots\\test_6.png]]>
              </value>
            </param>
          </params>
          <reporter-output>
          </reporter-output>
        </test-method> <!-- switchWindow -->
        <test-method status="PASS" signature="closeDriver()[pri:0, instance:Automation.BookMyShow.loginFunctionalityTest@30b7c004]" name="closeDriver" is-config="true" duration-ms="1352" started-at="2021-06-28T11:05:32Z" finished-at="2021-06-28T11:05:34Z">
          <reporter-output>
          </reporter-output>
        </test-method> <!-- closeDriver -->
      </class> <!-- Automation.BookMyShow.loginFunctionalityTest -->
    </test> <!-- login test -->
    <test name="movie Name test" duration-ms="21773" started-at="2021-06-28T11:05:34Z" finished-at="2021-06-28T11:05:56Z">
      <class name="Automation.BookMyShow.movieNameCollectionTest">
        <test-method status="PASS" signature="setup(java.lang.String, java.lang.String)[pri:0, instance:Automation.BookMyShow.movieNameCollectionTest@56de5251]" name="setup" is-config="true" duration-ms="4413" started-at="2021-06-28T11:05:34Z" finished-at="2021-06-28T11:05:39Z">
          <params>
            <param index="0">
              <value>
                <![CDATA[chrome]]>
              </value>
            </param>
            <param index="1">
              <value>
                <![CDATA[\\Screenshots\\test_0.png]]>
              </value>
            </param>
          </params>
          <reporter-output>
          </reporter-output>
        </test-method> <!-- setup -->
        <test-method status="PASS" signature="openBrowser(java.lang.String, java.lang.String)[pri:0, instance:Automation.BookMyShow.movieNameCollectionTest@56de5251]" name="openBrowser" duration-ms="8916" started-at="2021-06-28T11:05:39Z" finished-at="2021-06-28T11:05:48Z">
          <params>
            <param index="0">
              <value>
                <![CDATA[https://in.bookmyshow.com/]]>
              </value>
            </param>
            <param index="1">
              <value>
                <![CDATA[\\Screenshots\\test_1.png]]>
              </value>
            </param>
          </params>
          <reporter-output>
          </reporter-output>
        </test-method> <!-- openBrowser -->
        <test-method status="PASS" signature="signUpNCR(java.lang.String, java.lang.String)[pri:1, instance:Automation.BookMyShow.movieNameCollectionTest@56de5251]" name="signUpNCR" duration-ms="1643" started-at="2021-06-28T11:05:48Z" finished-at="2021-06-28T11:05:49Z">
          <params>
            <param index="0">
              <value>
                <![CDATA[\\Screenshots\\test_2.png]]>
              </value>
            </param>
            <param index="1">
              <value>
                <![CDATA[\\Screenshots\\test_3.png]]>
              </value>
            </param>
          </params>
          <reporter-output>
          </reporter-output>
        </test-method> <!-- signUpNCR -->
        <test-method status="PASS" signature="moviesData()[pri:2, instance:Automation.BookMyShow.movieNameCollectionTest@56de5251]" name="moviesData" duration-ms="5865" started-at="2021-06-28T11:05:49Z" finished-at="2021-06-28T11:05:55Z">
          <reporter-output>
          </reporter-output>
        </test-method> <!-- moviesData -->
        <test-method status="PASS" signature="closeDriver()[pri:0, instance:Automation.BookMyShow.movieNameCollectionTest@56de5251]" name="closeDriver" is-config="true" duration-ms="932" started-at="2021-06-28T11:05:55Z" finished-at="2021-06-28T11:05:56Z">
          <reporter-output>
          </reporter-output>
        </test-method> <!-- closeDriver -->
      </class> <!-- Automation.BookMyShow.movieNameCollectionTest -->
    </test> <!-- movie Name test -->
    <test name="sports Name test" duration-ms="132996" started-at="2021-06-28T11:05:56Z" finished-at="2021-06-28T11:08:09Z">
      <class name="Automation.BookMyShow.sportsNameCollectionTest">
        <test-method status="PASS" signature="setup()[pri:0, instance:Automation.BookMyShow.sportsNameCollectionTest@7c469c48]" name="setup" is-config="true" duration-ms="3132" started-at="2021-06-28T11:05:56Z" finished-at="2021-06-28T11:05:59Z">
          <reporter-output>
          </reporter-output>
        </test-method> <!-- setup -->
        <test-method status="PASS" signature="clickAllLinks()[pri:0, instance:Automation.BookMyShow.sportsNameCollectionTest@7c469c48]" name="clickAllLinks" duration-ms="128370" started-at="2021-06-28T11:05:59Z" finished-at="2021-06-28T11:08:08Z">
          <reporter-output>
          </reporter-output>
        </test-method> <!-- clickAllLinks -->
        <test-method status="PASS" signature="closeDriver()[pri:0, instance:Automation.BookMyShow.sportsNameCollectionTest@7c469c48]" name="closeDriver" is-config="true" duration-ms="1493" started-at="2021-06-28T11:08:08Z" finished-at="2021-06-28T11:08:09Z">
          <reporter-output>
          </reporter-output>
        </test-method> <!-- closeDriver -->
      </class> <!-- Automation.BookMyShow.sportsNameCollectionTest -->
    </test> <!-- sports Name test -->
  </suite> <!-- Test Suite -->
</testng-results>
