<?xml version="1.0" encoding="UTF-8"?>
<!-- Generated by org.testng.reporters.JUnitXMLReporter -->
<testsuite hostname="DESKTOP-P8L6JL1" ignored="0" name="login test" tests="5" failures="0" timestamp="01 Jul 2021 17:53:52 GMT" time="75.56" errors="0">
  <testcase name="openBrowser" time="20.345" classname="Automation.BookMyShow.loginFunctionalityTest"/>
  <testcase name="signUpNCR" time="3.684" classname="Automation.BookMyShow.loginFunctionalityTest"/>
  <testcase name="signUp" time="1.326" classname="Automation.BookMyShow.loginFunctionalityTest"/>
  <testcase name="signUpUsingGoogle" time="0.703" classname="Automation.BookMyShow.loginFunctionalityTest"/>
  <testcase name="switchWindow" time="0.222" classname="Automation.BookMyShow.loginFunctionalityTest"/>
</testsuite> <!-- login test -->
