<?xml version="1.0" encoding="UTF-8"?>
<!-- Generated by org.testng.reporters.JUnitXMLReporter -->
<testsuite hostname="DESKTOP-P8L6JL1" ignored="0" name="login test" tests="5" failures="0" timestamp="27 Jun 2021 10:33:00 GMT" time="24.949" errors="0">
  <testcase name="openBrowser" time="6.994" classname="Automation.BookMyShow.loginFunctionalityTest"/>
  <testcase name="signUpNCR" time="1.125" classname="Automation.BookMyShow.loginFunctionalityTest"/>
  <testcase name="signUp" time="2.316" classname="Automation.BookMyShow.loginFunctionalityTest"/>
  <testcase name="signUpUsingGoogle" time="0.966" classname="Automation.BookMyShow.loginFunctionalityTest"/>
  <testcase name="switchWindow" time="4.727" classname="Automation.BookMyShow.loginFunctionalityTest"/>
</testsuite> <!-- login test -->
