<?xml version="1.0" encoding="UTF-8"?>
<!-- Generated by org.testng.reporters.JUnitXMLReporter -->
<testsuite hostname="DESKTOP-P8L6JL1" ignored="0" name="movie Name test" tests="3" failures="0" timestamp="27 Jun 2021 10:33:19 GMT" time="18.292" errors="0">
  <testcase name="openBrowser" time="8.299" classname="Automation.BookMyShow.movieNameCollectionTest"/>
  <testcase name="signUpNCR" time="1.55" classname="Automation.BookMyShow.movieNameCollectionTest"/>
  <testcase name="moviesData" time="3.454" classname="Automation.BookMyShow.movieNameCollectionTest"/>
</testsuite> <!-- movie Name test -->
