<?xml version="1.0" encoding="UTF-8"?>
<testng-results skipped="0" failed="0" ignored="0" total="9" passed="9">
  <reporter-output>
  </reporter-output>
  <suite name="Test Suite" duration-ms="121820" started-at="2021-07-02T06:45:30Z" finished-at="2021-07-02T06:47:32Z">
    <groups>
    </groups>
    <test name="login test" duration-ms="37219" started-at="2021-07-02T06:45:30Z" finished-at="2021-07-02T06:46:07Z">
      <class name="Automation.BookMyShow.loginFunctionalityTest">
        <test-method status="PASS" signature="setup(java.lang.String, java.lang.String)[pri:0, instance:Automation.BookMyShow.loginFunctionalityTest@41d477ed]" name="setup" is-config="true" duration-ms="9451" started-at="2021-07-02T06:45:30Z" finished-at="2021-07-02T06:45:40Z">
          <params>
            <param index="0">
              <value>
                <![CDATA[chrome]]>
              </value>
            </param>
            <param index="1">
              <value>
                <![CDATA[\\Screenshots\\test_0.png]]>
              </value>
            </param>
          </params>
          <reporter-output>
          </reporter-output>
        </test-method> <!-- setup -->
        <test-method status="PASS" signature="openBrowser(java.lang.String, java.lang.String)[pri:0, instance:Automation.BookMyShow.loginFunctionalityTest@41d477ed]" name="openBrowser" duration-ms="8590" started-at="2021-07-02T06:45:40Z" finished-at="2021-07-02T06:45:48Z">
          <params>
            <param index="0">
              <value>
                <![CDATA[https://in.bookmyshow.com/]]>
              </value>
            </param>
            <param index="1">
              <value>
                <![CDATA[\\Screenshots\\test_1.png]]>
              </value>
            </param>
          </params>
          <reporter-output>
          </reporter-output>
        </test-method> <!-- openBrowser -->
        <test-method status="PASS" signature="signUpNCR(java.lang.String, java.lang.String)[pri:1, instance:Automation.BookMyShow.loginFunctionalityTest@41d477ed]" name="signUpNCR" duration-ms="2943" started-at="2021-07-02T06:45:48Z" finished-at="2021-07-02T06:45:51Z">
          <params>
            <param index="0">
              <value>
                <![CDATA[\\Screenshots\\test_2.png]]>
              </value>
            </param>
            <param index="1">
              <value>
                <![CDATA[\\Screenshots\\test_3.png]]>
              </value>
            </param>
          </params>
          <reporter-output>
          </reporter-output>
        </test-method> <!-- signUpNCR -->
        <test-method status="PASS" signature="signUp(java.lang.String)[pri:2, instance:Automation.BookMyShow.loginFunctionalityTest@41d477ed]" name="signUp" duration-ms="4469" started-at="2021-07-02T06:45:51Z" finished-at="2021-07-02T06:45:56Z">
          <params>
            <param index="0">
              <value>
                <![CDATA[\\Screenshots\\test_4.png]]>
              </value>
            </param>
          </params>
          <reporter-output>
          </reporter-output>
        </test-method> <!-- signUp -->
        <test-method status="PASS" signature="signUpUsingGoogle(java.lang.String)[pri:3, instance:Automation.BookMyShow.loginFunctionalityTest@41d477ed]" name="signUpUsingGoogle" duration-ms="843" started-at="2021-07-02T06:45:56Z" finished-at="2021-07-02T06:45:57Z">
          <params>
            <param index="0">
              <value>
                <![CDATA[\\Screenshots\\test_5.png]]>
              </value>
            </param>
          </params>
          <reporter-output>
          </reporter-output>
        </test-method> <!-- signUpUsingGoogle -->
        <test-method status="PASS" signature="switchWindow(java.lang.String)[pri:4, instance:Automation.BookMyShow.loginFunctionalityTest@41d477ed]" name="switchWindow" duration-ms="8116" started-at="2021-07-02T06:45:57Z" finished-at="2021-07-02T06:46:05Z">
          <params>
            <param index="0">
              <value>
                <![CDATA[\\Screenshots\\test_6.png]]>
              </value>
            </param>
          </params>
          <reporter-output>
          </reporter-output>
        </test-method> <!-- switchWindow -->
        <test-method status="PASS" signature="closeDriver()[pri:0, instance:Automation.BookMyShow.loginFunctionalityTest@41d477ed]" name="closeDriver" is-config="true" duration-ms="2692" started-at="2021-07-02T06:46:05Z" finished-at="2021-07-02T06:46:07Z">
          <reporter-output>
          </reporter-output>
        </test-method> <!-- closeDriver -->
      </class> <!-- Automation.BookMyShow.loginFunctionalityTest -->
    </test> <!-- login test -->
    <test name="movie Name test" duration-ms="25766" started-at="2021-07-02T06:46:08Z" finished-at="2021-07-02T06:46:34Z">
      <class name="Automation.BookMyShow.movieNameCollectionTest">
        <test-method status="PASS" signature="setup(java.lang.String, java.lang.String)[pri:0, instance:Automation.BookMyShow.movieNameCollectionTest@38425407]" name="setup" is-config="true" duration-ms="5648" started-at="2021-07-02T06:46:08Z" finished-at="2021-07-02T06:46:14Z">
          <params>
            <param index="0">
              <value>
                <![CDATA[chrome]]>
              </value>
            </param>
            <param index="1">
              <value>
                <![CDATA[\\Screenshots\\test_0.png]]>
              </value>
            </param>
          </params>
          <reporter-output>
          </reporter-output>
        </test-method> <!-- setup -->
        <test-method status="PASS" signature="openBrowser(java.lang.String, java.lang.String)[pri:0, instance:Automation.BookMyShow.movieNameCollectionTest@38425407]" name="openBrowser" duration-ms="9173" started-at="2021-07-02T06:46:14Z" finished-at="2021-07-02T06:46:23Z">
          <params>
            <param index="0">
              <value>
                <![CDATA[https://in.bookmyshow.com/]]>
              </value>
            </param>
            <param index="1">
              <value>
                <![CDATA[\\Screenshots\\test_1.png]]>
              </value>
            </param>
          </params>
          <reporter-output>
          </reporter-output>
        </test-method> <!-- openBrowser -->
        <test-method status="PASS" signature="signUpNCR(java.lang.String, java.lang.String)[pri:1, instance:Automation.BookMyShow.movieNameCollectionTest@38425407]" name="signUpNCR" duration-ms="1910" started-at="2021-07-02T06:46:23Z" finished-at="2021-07-02T06:46:25Z">
          <params>
            <param index="0">
              <value>
                <![CDATA[\\Screenshots\\test_2.png]]>
              </value>
            </param>
            <param index="1">
              <value>
                <![CDATA[\\Screenshots\\test_3.png]]>
              </value>
            </param>
          </params>
          <reporter-output>
          </reporter-output>
        </test-method> <!-- signUpNCR -->
        <test-method status="PASS" signature="moviesData()[pri:2, instance:Automation.BookMyShow.movieNameCollectionTest@38425407]" name="moviesData" duration-ms="7206" started-at="2021-07-02T06:46:25Z" finished-at="2021-07-02T06:46:32Z">
          <reporter-output>
          </reporter-output>
        </test-method> <!-- moviesData -->
        <test-method status="PASS" signature="closeDriver()[pri:0, instance:Automation.BookMyShow.movieNameCollectionTest@38425407]" name="closeDriver" is-config="true" duration-ms="1824" started-at="2021-07-02T06:46:32Z" finished-at="2021-07-02T06:46:34Z">
          <reporter-output>
          </reporter-output>
        </test-method> <!-- closeDriver -->
      </class> <!-- Automation.BookMyShow.movieNameCollectionTest -->
    </test> <!-- movie Name test -->
    <test name="sports Name test" duration-ms="58053" started-at="2021-07-02T06:46:34Z" finished-at="2021-07-02T06:47:32Z">
      <class name="Automation.BookMyShow.sportsNameCollectionTest">
        <test-method status="PASS" signature="setup()[pri:0, instance:Automation.BookMyShow.sportsNameCollectionTest@3b69e7d1]" name="setup" is-config="true" duration-ms="4305" started-at="2021-07-02T06:46:34Z" finished-at="2021-07-02T06:46:38Z">
          <reporter-output>
          </reporter-output>
        </test-method> <!-- setup -->
        <test-method status="PASS" signature="clickAllLinks()[pri:0, instance:Automation.BookMyShow.sportsNameCollectionTest@3b69e7d1]" name="clickAllLinks" duration-ms="51727" started-at="2021-07-02T06:46:38Z" finished-at="2021-07-02T06:47:30Z">
          <reporter-output>
          </reporter-output>
        </test-method> <!-- clickAllLinks -->
        <test-method status="PASS" signature="closeDriver()[pri:0, instance:Automation.BookMyShow.sportsNameCollectionTest@3b69e7d1]" name="closeDriver" is-config="true" duration-ms="2018" started-at="2021-07-02T06:47:30Z" finished-at="2021-07-02T06:47:32Z">
          <reporter-output>
          </reporter-output>
        </test-method> <!-- closeDriver -->
      </class> <!-- Automation.BookMyShow.sportsNameCollectionTest -->
    </test> <!-- sports Name test -->
  </suite> <!-- Test Suite -->
</testng-results>
